c:\users\wwpow\box sync\development\combatmanager\combatmanagerpf-code\sqlite\debug\vc140.pdb
c:\users\wwpow\box sync\development\combatmanager\combatmanagerpf-code\sqlite\debug\vc140.idb
c:\users\wwpow\box sync\development\combatmanager\combatmanagerpf-code\sqlite\debug\sqlite3.obj
c:\users\wwpow\box sync\development\combatmanager\combatmanagerpf-code\sqlite\debug\sqlitedll.obj
c:\users\warren powers\box sync\development\combatmanager\combatmanagerpf-code\sqlite\debug\vc140.pdb
c:\users\warren powers\box sync\development\combatmanager\combatmanagerpf-code\sqlite\debug\vc140.idb
c:\users\warren powers\box sync\development\combatmanager\combatmanagerpf-code\sqlite\debug\sqlite3.obj
c:\users\warren powers\box sync\development\combatmanager\combatmanagerpf-code\sqlite\debug\sqlitedll.obj
c:\users\wwpow\box sync\development\combatmanager\combatmanagerpf-code\combatmanager\bin\debug\sqlite32.ilk
c:\users\wwpow\box sync\development\combatmanager\combatmanagerpf-code\combatmanager\bin\debug\sqlite32.dll
c:\users\wwpow\box sync\development\combatmanager\combatmanagerpf-code\sqlite\debug\sql lite dll.dll.intermediate.manifest
c:\users\wwpow\box sync\development\combatmanager\combatmanagerpf-code\combatmanager\bin\debug\sql lite dll.pdb
c:\users\warren powers\box sync\development\combatmanager\combatmanagerpf-code\combatmanager\bin\debug\sqlite32.ilk
c:\users\warren powers\box sync\development\combatmanager\combatmanagerpf-code\combatmanager\bin\debug\sqlite32.dll
c:\users\warren powers\box sync\development\combatmanager\combatmanagerpf-code\sqlite\debug\sql lite dll.dll.intermediate.manifest
c:\users\warren powers\box sync\development\combatmanager\combatmanagerpf-code\combatmanager\bin\debug\sql lite dll.pdb
c:\users\wwpow\box sync\development\combatmanager\combatmanagerpf-code\combatmanager\bin\debug\sql lite dll.lib
c:\users\wwpow\box sync\development\combatmanager\combatmanagerpf-code\combatmanager\bin\debug\sql lite dll.exp
c:\users\warren powers\box sync\development\combatmanager\combatmanagerpf-code\combatmanager\bin\debug\sql lite dll.lib
c:\users\warren powers\box sync\development\combatmanager\combatmanagerpf-code\combatmanager\bin\debug\sql lite dll.exp
c:\users\warren powers\box sync\development\combatmanager\combatmanagerpf-code\\combatmanager\bin\debug\sql lite dll.pdb
c:\users\warren powers\box sync\development\combatmanager\combatmanagerpf-code\sqlite\debug\sql lite dll.tlog\cl.command.1.tlog
c:\users\warren powers\box sync\development\combatmanager\combatmanagerpf-code\sqlite\debug\sql lite dll.tlog\cl.read.1.tlog
c:\users\warren powers\box sync\development\combatmanager\combatmanagerpf-code\sqlite\debug\sql lite dll.tlog\cl.write.1.tlog
c:\users\warren powers\box sync\development\combatmanager\combatmanagerpf-code\sqlite\debug\sql lite dll.tlog\link.command.1.tlog
c:\users\warren powers\box sync\development\combatmanager\combatmanagerpf-code\sqlite\debug\sql lite dll.tlog\link.read.1.tlog
c:\users\warren powers\box sync\development\combatmanager\combatmanagerpf-code\sqlite\debug\sql lite dll.tlog\link.write.1.tlog
c:\users\warren powers\box sync\development\combatmanager\combatmanagerpf-code\sqlite\debug\sql lite dll.tlog\mt.command.1.tlog
c:\users\warren powers\box sync\development\combatmanager\combatmanagerpf-code\sqlite\debug\sql lite dll.tlog\mt.read.1.tlog
c:\users\warren powers\box sync\development\combatmanager\combatmanagerpf-code\sqlite\debug\sql lite dll.tlog\sql lite dll.write.1u.tlog
